-- 0.8.2 --

cmake:
	"make test" not running on clean build??
	eliminate intra-dependency of cmake

defines:
	see DEFINES
	fix testcases
	/home/markus/Projekte/Elektra/current/tests/test_key.c:1617: error in
	test_keyDir: key is not 0644, but was set
	/home/markus/Projekte/Elektra/current/tests/test_key.c:1652: error in
	test_keyDir: key is not 0644, but was set
	/home/markus/Projekte/Elektra/current/tests/test_key.c:1661: error in
	test_keyDir: 0555 set by keyNew

create debian packages (i386+amd64)
	lintian
	add manpages
	reprepro announce


-- 0.8.3 --

benchmark: plugins
	ni, simpleini (check kdbGet ret codes)

api:
	add examples
	add tutorial

chroot:
	add -c --chroot option for all plugins

kdb tool:
	allow verification of local key database by exported file
	umount!
	tset (typesafe set)
	import/export in kdb-shell

kdb testcases:
	for get/set
	for mount/umount
	for import/export/convert
	using chroot

c++:
	Keyset operator==
	exceptions defined outside

